<?xml version="1.0" encoding="UTF-8"?>
<testng-results total="1" passed="1" failed="0" skipped="0">
  <reporter-output>
  </reporter-output>
  <suite started-at="2020-12-18T08:12:11Z" name="Default suite" finished-at="2020-12-18T08:12:53Z" duration-ms="41750">
    <groups>
    </groups>
    <test started-at="2020-12-18T08:12:11Z" name="Default test" finished-at="2020-12-18T08:12:53Z" duration-ms="41750">
      <class name="com.flipkart.qa.testcases.FlipLoginpageTest">
        <test-method is-config="true" signature="setup()[pri:0, instance:com.flipkart.qa.testcases.FlipLoginpageTest@683dbc2c]" started-at="2020-12-18T13:42:11Z" name="setup" finished-at="2020-12-18T13:42:23Z" duration-ms="12413" status="PASS">
          <reporter-output>
          </reporter-output>
        </test-method> <!-- setup -->
        <test-method signature="LoginToFlipkart()[pri:0, instance:com.flipkart.qa.testcases.FlipLoginpageTest@683dbc2c]" started-at="2020-12-18T13:42:23Z" name="LoginToFlipkart" finished-at="2020-12-18T13:42:53Z" duration-ms="29303" status="PASS">
          <reporter-output>
          </reporter-output>
        </test-method> <!-- LoginToFlipkart -->
        <test-method is-config="true" signature="theEnd()[pri:0, instance:com.flipkart.qa.testcases.FlipLoginpageTest@683dbc2c]" started-at="2020-12-18T13:42:53Z" name="theEnd" finished-at="2020-12-18T13:42:53Z" duration-ms="1" status="PASS">
          <reporter-output>
          </reporter-output>
        </test-method> <!-- theEnd -->
      </class> <!-- com.flipkart.qa.testcases.FlipLoginpageTest -->
    </test> <!-- Default test -->
  </suite> <!-- Default suite -->
</testng-results>
